0 info it worked if it ends with ok
1 verbose cli [ 'D:\\Programs\\nodejs\\node.exe',
1 verbose cli   'C:\\Users\\Carter\\AppData\\Roaming\\npm\\node_modules\\npm\\bin\\npm-cli.js',
1 verbose cli   'start' ]
2 info using npm@3.3.3
3 info using node@v4.2.4
4 verbose run-script [ 'prestart', 'start', 'poststart' ]
5 info lifecycle LazerTanx_Game_Server@0.0.0~prestart: LazerTanx_Game_Server@0.0.0
6 silly lifecycle LazerTanx_Game_Server@0.0.0~prestart: no script for prestart, continuing
7 info lifecycle LazerTanx_Game_Server@0.0.0~start: LazerTanx_Game_Server@0.0.0
8 verbose lifecycle LazerTanx_Game_Server@0.0.0~start: unsafe-perm in lifecycle true
9 verbose lifecycle LazerTanx_Game_Server@0.0.0~start: PATH: C:\Users\Carter\AppData\Roaming\npm\node_modules\npm\bin\node-gyp-bin;D:\Dev\LazerTanx_Game_Server\LazerTanx_Game_Server\node_modules\.bin;C:\Program Files (x86)\ConEmu;C:\Program Files (x86)\ConEmu\ConEmu;C:\ProgramData\Oracle\Java\javapath;C:\Program Files (x86)\Intel\iCLS Client\;C:\Program Files\Intel\iCLS Client\;C:\Windows\system32;C:\Windows;C:\Windows\System32\Wbem;C:\Windows\System32\WindowsPowerShell\v1.0\;C:\Program Files\Intel\Intel(R) Management Engine Components\DAL;C:\Program Files\Intel\Intel(R) Management Engine Components\IPT;C:\Program Files (x86)\Intel\Intel(R) Management Engine Components\DAL;C:\Program Files (x86)\Intel\Intel(R) Management Engine Components\IPT;C:\Program Files\Acer\Remote Files\;C:\Program Files\Microsoft\Web Platform Installer\;C:\Program Files (x86)\Microsoft ASP.NET\ASP.NET Web Pages\v1.0\;C:\Program Files (x86)\Windows Kits\8.0\Windows Performance Toolkit\;C:\Program Files\Microsoft SQL Server\110\Tools\Binn\;C:\Program Files (x86)\QuickTime\QTSystem\;C:\Program Files (x86)\Git\cmd;C:\Users\Carter\Documents\IS Programs\WinSCP\;C:\Program Files (x86)\NVIDIA Corporation\PhysX\Common;C:\WINDOWS\system32;C:\WINDOWS;C:\WINDOWS\System32\Wbem;C:\WINDOWS\System32\WindowsPowerShell\v1.0\;D:\Programs\nodejs\;C:\Program Files (x86)\Skype\Phone\;C:\Program Files\cURL\bin;C:\Python34;C:\Python34\Scripts;C:\Program Files\PostgreSQL\9.4\bin\pg_config.exe;C:\Users\Carter\AppData\Local\atom\bin;C:\Users\Carter\AppData\Roaming\npm;D:\programs\MongoDB\bin
10 verbose lifecycle LazerTanx_Game_Server@0.0.0~start: CWD: D:\Dev\LazerTanx_Game_Server\LazerTanx_Game_Server
11 silly lifecycle LazerTanx_Game_Server@0.0.0~start: Args: [ '/d /s /c', 'node ./bin/www' ]
12 silly lifecycle LazerTanx_Game_Server@0.0.0~start: Returned: code: 1  signal: null
13 info lifecycle LazerTanx_Game_Server@0.0.0~start: Failed to exec start script
14 verbose stack Error: LazerTanx_Game_Server@0.0.0 start: `node ./bin/www`
14 verbose stack Exit status 1
14 verbose stack     at EventEmitter.<anonymous> (C:\Users\Carter\AppData\Roaming\npm\node_modules\npm\lib\utils\lifecycle.js:233:16)
14 verbose stack     at emitTwo (events.js:87:13)
14 verbose stack     at EventEmitter.emit (events.js:172:7)
14 verbose stack     at ChildProcess.<anonymous> (C:\Users\Carter\AppData\Roaming\npm\node_modules\npm\lib\utils\spawn.js:24:14)
14 verbose stack     at emitTwo (events.js:87:13)
14 verbose stack     at ChildProcess.emit (events.js:172:7)
14 verbose stack     at maybeClose (internal/child_process.js:818:16)
14 verbose stack     at Process.ChildProcess._handle.onexit (internal/child_process.js:211:5)
15 verbose pkgid LazerTanx_Game_Server@0.0.0
16 verbose cwd D:\Dev\LazerTanx_Game_Server\LazerTanx_Game_Server
17 error Windows_NT 10.0.10586
18 error argv "D:\\Programs\\nodejs\\node.exe" "C:\\Users\\Carter\\AppData\\Roaming\\npm\\node_modules\\npm\\bin\\npm-cli.js" "start"
19 error node v4.2.4
20 error npm  v3.3.3
21 error code ELIFECYCLE
22 error LazerTanx_Game_Server@0.0.0 start: `node ./bin/www`
22 error Exit status 1
23 error Failed at the LazerTanx_Game_Server@0.0.0 start script 'node ./bin/www'.
23 error This is most likely a problem with the LazerTanx_Game_Server package,
23 error not with npm itself.
23 error Tell the author that this fails on your system:
23 error     node ./bin/www
23 error You can get their info via:
23 error     npm owner ls LazerTanx_Game_Server
23 error There is likely additional logging output above.
24 verbose exit [ 1, true ]
